May-17 13:17:38.305 [main] DEBUG nextflow.cli.Launcher - $> nextflow run hello
May-17 13:17:38.351 [main] DEBUG nextflow.cli.CmdRun - N E X T F L O W  ~  version 25.04.2
May-17 13:17:38.416 [main] DEBUG nextflow.plugin.PluginsFacade - Setting up plugin manager > mode=prod; embedded=false; plugins-dir=/Users/davidoluwasusi/.nextflow/plugins; core-plugins: nf-amazon@2.15.0,nf-azure@1.16.0,nf-cloudcache@0.4.3,nf-codecommit@0.2.3,nf-console@1.2.1,nf-google@1.21.0,nf-k8s@1.0.0,nf-tower@1.11.2,nf-wave@1.12.1
May-17 13:17:38.449 [main] INFO  o.pf4j.DefaultPluginStatusProvider - Enabled plugins: []
May-17 13:17:38.449 [main] INFO  o.pf4j.DefaultPluginStatusProvider - Disabled plugins: []
May-17 13:17:38.451 [main] INFO  org.pf4j.DefaultPluginManager - PF4J version 3.12.0 in 'deployment' mode
May-17 13:17:38.463 [main] INFO  org.pf4j.AbstractPluginManager - No plugins
May-17 13:17:38.472 [main] DEBUG nextflow.scm.ProviderConfig - Using SCM config path: /Users/davidoluwasusi/.nextflow/scm
May-17 13:17:38.477 [main] DEBUG nextflow.scm.AssetManager - Listing projects in folder: /Users/davidoluwasusi/.nextflow/assets
May-17 13:17:38.498 [main] DEBUG nextflow.scm.RepositoryFactory - Found Git repository result: [RepositoryFactory]
May-17 13:17:38.504 [main] INFO  nextflow.cli.CmdRun - Pulling nextflow-io/hello ...
May-17 13:17:38.506 [main] DEBUG nextflow.scm.RepositoryProvider - Request [credentials -:-] -> https://api.github.com/repos/nextflow-io/hello/contents/nextflow.config
May-17 13:17:39.215 [main] DEBUG nextflow.scm.RepositoryProvider - Request [credentials -:-] -> https://api.github.com/repos/nextflow-io/hello/contents/main.nf
May-17 13:17:39.346 [main] DEBUG nextflow.scm.RepositoryProvider - Request [credentials -:-] -> https://api.github.com/repos/nextflow-io/hello
May-17 13:17:39.512 [main] DEBUG nextflow.scm.AssetManager - Pulling nextflow-io/hello -- Using remote clone url: https://github.com/nextflow-io/hello.git
May-17 13:17:42.128 [main] INFO  nextflow.cli.CmdRun -  downloaded from https://github.com/nextflow-io/hello.git
May-17 13:17:42.138 [main] DEBUG nextflow.config.ConfigBuilder - Found config base: /Users/davidoluwasusi/.nextflow/assets/nextflow-io/hello/nextflow.config
May-17 13:17:42.139 [main] DEBUG nextflow.config.ConfigBuilder - Parsing config file: /Users/davidoluwasusi/.nextflow/assets/nextflow-io/hello/nextflow.config
May-17 13:17:42.147 [main] DEBUG n.secret.LocalSecretsProvider - Secrets store: /Users/davidoluwasusi/.nextflow/secrets/store.json
May-17 13:17:42.148 [main] DEBUG nextflow.secret.SecretsLoader - Discovered secrets providers: [nextflow.secret.LocalSecretsProvider@543fe698] - activable => nextflow.secret.LocalSecretsProvider@543fe698
May-17 13:17:42.152 [main] DEBUG nextflow.config.ConfigBuilder - Applying config profile: `standard`
May-17 13:17:42.177 [main] DEBUG nextflow.cli.CmdRun - Applied DSL=2 by global default
May-17 13:17:42.178 [main] DEBUG nextflow.cli.CmdRun - Launching `https://github.com/nextflow-io/hello` [stoic_stone] DSL2 - revision: 2be824e69a [master]
May-17 13:17:42.179 [main] DEBUG nextflow.plugin.PluginsFacade - Plugins default=[]
May-17 13:17:42.179 [main] DEBUG nextflow.plugin.PluginsFacade - Plugins resolved requirement=[]
May-17 13:17:42.213 [main] DEBUG nextflow.Session - Session UUID: 0f37640e-2dba-4950-963b-31103429acde
May-17 13:17:42.213 [main] DEBUG nextflow.Session - Run name: stoic_stone
May-17 13:17:42.213 [main] DEBUG nextflow.Session - Executor pool size: 10
May-17 13:17:42.220 [main] DEBUG nextflow.file.FilePorter - File porter settings maxRetries=3; maxTransfers=50; pollTimeout=null
May-17 13:17:42.223 [main] DEBUG nextflow.util.ThreadPoolBuilder - Creating thread pool 'FileTransfer' minSize=10; maxSize=30; workQueue=LinkedBlockingQueue[-1]; allowCoreThreadTimeout=false
May-17 13:17:42.241 [main] DEBUG nextflow.cli.CmdRun - 
  Version: 25.04.2 build 5947
  Created: 13-05-2025 21:58 UTC (22:58 BST)
  System: Mac OS X 15.4.1
  Runtime: Groovy 4.0.26 on Java HotSpot(TM) 64-Bit Server VM 23.0.1+11-39
  Encoding: UTF-8 (UTF-8)
  Process: 17127@Davids-MacBook-Pro.local [127.0.0.1]
  CPUs: 10 - Mem: 16 GB (139.2 MB) - Swap: 7 GB (1.2 GB)
May-17 13:17:42.251 [main] DEBUG nextflow.Session - Work-dir: /Users/davidoluwasusi/Nextflow/work [Mac OS X]
May-17 13:17:42.251 [main] DEBUG nextflow.Session - Script base path does not exist or is not a directory: /Users/davidoluwasusi/.nextflow/assets/nextflow-io/hello/bin
May-17 13:17:42.260 [main] DEBUG nextflow.executor.ExecutorFactory - Extension executors providers=[]
May-17 13:17:42.267 [main] DEBUG nextflow.Session - Observer factory: DefaultObserverFactory
May-17 13:17:42.272 [main] DEBUG nextflow.Session - Observer factory (v2): LinObserverFactory
May-17 13:17:42.295 [main] DEBUG nextflow.cache.CacheFactory - Using Nextflow cache factory: nextflow.cache.DefaultCacheFactory
May-17 13:17:42.314 [main] DEBUG nextflow.util.CustomThreadPool - Creating default thread pool > poolSize: 11; maxThreads: 1000
May-17 13:17:42.366 [main] DEBUG nextflow.Session - Session start
May-17 13:17:42.482 [main] DEBUG nextflow.script.ScriptRunner - > Launching execution
May-17 13:17:42.542 [main] DEBUG nextflow.executor.ExecutorFactory - << taskConfig executor: null
May-17 13:17:42.543 [main] DEBUG nextflow.executor.ExecutorFactory - >> processorType: 'local'
May-17 13:17:42.547 [main] DEBUG nextflow.executor.Executor - [warm up] executor > local
May-17 13:17:42.551 [main] DEBUG n.processor.LocalPollingMonitor - Creating local task monitor for executor 'local' > cpus=10; memory=16 GB; capacity=10; pollInterval=100ms; dumpInterval=5m
May-17 13:17:42.552 [main] DEBUG n.processor.TaskPollingMonitor - >>> barrier register (monitor: local)
May-17 13:17:42.566 [main] DEBUG nextflow.processor.TaskProcessor - Creating process 'sayHello': maxForks=0; fair=false; array=0
May-17 13:17:42.599 [main] DEBUG nextflow.Session - Workflow process names [dsl2]: sayHello
May-17 13:17:42.600 [main] DEBUG nextflow.Session - Igniting dataflow network (2)
May-17 13:17:42.600 [main] DEBUG nextflow.processor.TaskProcessor - Starting process > sayHello
May-17 13:17:42.601 [main] DEBUG nextflow.script.ScriptRunner - Parsed script files:
  Script_49f5f61f8dfa5f95: /Users/davidoluwasusi/.nextflow/assets/nextflow-io/hello/main.nf
May-17 13:17:42.601 [main] DEBUG nextflow.script.ScriptRunner - > Awaiting termination 
May-17 13:17:42.601 [main] DEBUG nextflow.Session - Session await
May-17 13:17:42.706 [Task submitter] DEBUG n.executor.local.LocalTaskHandler - Launch cmd line: /bin/bash -ue .command.run
May-17 13:17:42.707 [Task submitter] INFO  nextflow.Session - [a8/7823e1] Submitted process > sayHello (2)
May-17 13:17:42.712 [Task submitter] DEBUG n.executor.local.LocalTaskHandler - Launch cmd line: /bin/bash -ue .command.run
May-17 13:17:42.713 [Task submitter] INFO  nextflow.Session - [f5/a64e0c] Submitted process > sayHello (4)
May-17 13:17:42.716 [Task submitter] DEBUG n.executor.local.LocalTaskHandler - Launch cmd line: /bin/bash -ue .command.run
May-17 13:17:42.717 [Task submitter] INFO  nextflow.Session - [9d/9b9917] Submitted process > sayHello (3)
May-17 13:17:42.720 [Task submitter] DEBUG n.executor.local.LocalTaskHandler - Launch cmd line: /bin/bash -ue .command.run
May-17 13:17:42.721 [Task submitter] INFO  nextflow.Session - [cb/a1b009] Submitted process > sayHello (1)
May-17 13:17:43.312 [Task monitor] DEBUG n.processor.TaskPollingMonitor - Task completed > TaskHandler[id: 4; name: sayHello (4); status: COMPLETED; exit: 0; error: -; workDir: /Users/davidoluwasusi/Nextflow/work/f5/a64e0c2e1bf2e8689d457306beaad8]
May-17 13:17:43.313 [Task monitor] DEBUG nextflow.util.ThreadPoolBuilder - Creating thread pool 'TaskFinalizer' minSize=10; maxSize=30; workQueue=LinkedBlockingQueue[-1]; allowCoreThreadTimeout=false
May-17 13:17:43.315 [Task monitor] DEBUG n.processor.TaskPollingMonitor - Task completed > TaskHandler[id: 1; name: sayHello (1); status: COMPLETED; exit: 0; error: -; workDir: /Users/davidoluwasusi/Nextflow/work/cb/a1b00919730e68806fc89157f19ecc]
May-17 13:17:43.316 [Task monitor] DEBUG n.processor.TaskPollingMonitor - Task completed > TaskHandler[id: 2; name: sayHello (2); status: COMPLETED; exit: 0; error: -; workDir: /Users/davidoluwasusi/Nextflow/work/a8/7823e1fe80554623c1637be096356a]
May-17 13:17:43.317 [Task monitor] DEBUG n.processor.TaskPollingMonitor - Task completed > TaskHandler[id: 3; name: sayHello (3); status: COMPLETED; exit: 0; error: -; workDir: /Users/davidoluwasusi/Nextflow/work/9d/9b99170f304c808293714dd79d88ca]
May-17 13:17:43.324 [main] DEBUG nextflow.Session - Session await > all processes finished
May-17 13:17:43.421 [Task monitor] DEBUG n.processor.TaskPollingMonitor - <<< barrier arrives (monitor: local) - terminating tasks monitor poll loop
May-17 13:17:43.422 [main] DEBUG nextflow.Session - Session await > all barriers passed
May-17 13:17:43.424 [main] DEBUG nextflow.util.ThreadPoolManager - Thread pool 'TaskFinalizer' shutdown completed (hard=false)
May-17 13:17:43.431 [main] DEBUG n.trace.WorkflowStatsObserver - Workflow completed > WorkflowStats[succeededCount=4; failedCount=0; ignoredCount=0; cachedCount=0; pendingCount=0; submittedCount=0; runningCount=0; retriesCount=0; abortedCount=0; succeedDuration=2.2s; failedDuration=0ms; cachedDuration=0ms;loadCpus=0; loadMemory=0; peakRunning=4; peakCpus=4; peakMemory=0; ]
May-17 13:17:43.525 [main] DEBUG nextflow.cache.CacheDB - Closing CacheDB done
May-17 13:17:43.535 [main] DEBUG nextflow.util.ThreadPoolManager - Thread pool 'FileTransfer' shutdown completed (hard=false)
May-17 13:17:43.535 [main] DEBUG nextflow.script.ScriptRunner - > Execution complete -- Goodbye
